<?xml version="1.0" encoding="UTF-8"?>
<testsuite xmlns:xsi="http://www.w3.org/2001/XMLSchema-instance" xsi:noNamespaceSchemaLocation="https://maven.apache.org/surefire/maven-surefire-plugin/xsd/surefire-test-report-3.0.xsd" version="3.0" name="com.example.employee.integration.EmployeeApiIntegrationTest" time="3.779" tests="1" errors="0" skipped="0" failures="0">
  <properties>
[...]
</properties>
  <testcase name="postEmployee_persistsToDatabase" classname="com.example.employee.integration.EmployeeApiIntegrationTest" time="0.264">
    <system-out><![CDATA[2026-04-16T21:51:04.418+05:30  INFO 16312 --- [employee-backend] [           main] t.c.s.AnnotationConfigContextLoaderUtils : Could not detect default configuration classes for test class [com.example.employee.integration.EmployeeApiIntegrationTest]: EmployeeApiIntegrationTest does not declare any static, non-private, non-final, nested classes annotated with @Configuration.
2026-04-16T21:51:04.447+05:30  INFO 16312 --- [employee-backend] [           main] .b.t.c.SpringBootTestContextBootstrapper : Found @SpringBootConfiguration com.example.employee.EmployeeBackendApplication for test class com.example.employee.integration.EmployeeApiIntegrationTest

  .   ____          _            __ _ _
 /\\ / ___'_ __ _ _(_)_ __  __ _ \ \ \ \
( ( )\___ | '_ | '_| | '_ \/ _` | \ \ \ \
 \\/  ___)| |_)| | | | | || (_| |  ) ) ) )
  '  |____| .__|_| |_|_| |_\__, | / / / /
 =========|_|==============|___/=/_/_/_/

 :: Spring Boot ::                (v3.3.2)

2026-04-16T21:51:04.530+05:30  INFO 16312 --- [employee-backend] [           main] c.e.e.i.EmployeeApiIntegrationTest       : Starting EmployeeApiIntegrationTest using Java 21.0.10 with PID 16312 (started by Ramesh in E:\cursor_ws\employee-backend)
2026-04-16T21:51:04.530+05:30  INFO 16312 --- [employee-backend] [           main] c.e.e.i.EmployeeApiIntegrationTest       : The following 1 profile is active: "test"
2026-04-16T21:51:04.966+05:30  INFO 16312 --- [employee-backend] [           main] .s.d.r.c.RepositoryConfigurationDelegate : Bootstrapping Spring Data JPA repositories in DEFAULT mode.
2026-04-16T21:51:05.038+05:30  INFO 16312 --- [employee-backend] [           main] .s.d.r.c.RepositoryConfigurationDelegate : Finished Spring Data repository scanning in 61 ms. Found 1 JPA repository interface.
2026-04-16T21:51:05.451+05:30  INFO 16312 --- [employee-backend] [           main] o.hibernate.jpa.internal.util.LogHelper  : HHH000204: Processing PersistenceUnitInfo [name: default]
2026-04-16T21:51:05.556+05:30  INFO 16312 --- [employee-backend] [           main] org.hibernate.Version                    : HHH000412: Hibernate ORM core version 6.5.2.Final
2026-04-16T21:51:05.617+05:30  INFO 16312 --- [employee-backend] [           main] o.h.c.internal.RegionFactoryInitiator    : HHH000026: Second-level cache disabled
2026-04-16T21:51:05.861+05:30  INFO 16312 --- [employee-backend] [           main] o.s.o.j.p.SpringPersistenceUnitInfo      : No LoadTimeWeaver setup: ignoring JPA class transformer
2026-04-16T21:51:05.924+05:30  INFO 16312 --- [employee-backend] [           main] com.zaxxer.hikari.HikariDataSource       : HikariPool-1 - Starting...
2026-04-16T21:51:06.165+05:30  INFO 16312 --- [employee-backend] [           main] com.zaxxer.hikari.pool.HikariPool        : HikariPool-1 - Added connection com.mysql.cj.jdbc.ConnectionImpl@5b74bb75
2026-04-16T21:51:06.167+05:30  INFO 16312 --- [employee-backend] [           main] com.zaxxer.hikari.HikariDataSource       : HikariPool-1 - Start completed.
2026-04-16T21:51:06.221+05:30  WARN 16312 --- [employee-backend] [           main] org.hibernate.orm.deprecation            : HHH90000025: MySQLDialect does not need to be specified explicitly using 'hibernate.dialect' (remove the property setting and it will be selected by default)
2026-04-16T21:51:07.063+05:30  INFO 16312 --- [employee-backend] [           main] o.h.e.t.j.p.i.JtaPlatformInitiator       : HHH000489: No JTA platform available (set 'hibernate.transaction.jta.platform' to enable JTA platform integration)
Hibernate: create table employees (id bigint not null auto_increment, department varchar(255) not null, email varchar(255) not null, name varchar(255) not null, primary key (id)) engine=InnoDB
Hibernate: alter table employees drop index UKj9xgmd0ya5jmus09o0b8pqrpb
Hibernate: alter table employees add constraint UKj9xgmd0ya5jmus09o0b8pqrpb unique (email)
2026-04-16T21:51:07.244+05:30  INFO 16312 --- [employee-backend] [           main] j.LocalContainerEntityManagerFactoryBean : Initialized JPA EntityManagerFactory for persistence unit 'default'
2026-04-16T21:51:07.679+05:30  WARN 16312 --- [employee-backend] [           main] JpaBaseConfiguration$JpaWebConfiguration : spring.jpa.open-in-view is enabled by default. Therefore, database queries may be performed during view rendering. Explicitly configure spring.jpa.open-in-view to disable this warning
2026-04-16T21:51:07.898+05:30  INFO 16312 --- [employee-backend] [           main] o.s.b.t.m.w.SpringBootMockServletContext : Initializing Spring TestDispatcherServlet ''
2026-04-16T21:51:07.899+05:30  INFO 16312 --- [employee-backend] [           main] o.s.t.web.servlet.TestDispatcherServlet  : Initializing Servlet ''
2026-04-16T21:51:07.900+05:30  INFO 16312 --- [employee-backend] [           main] o.s.t.web.servlet.TestDispatcherServlet  : Completed initialization in 1 ms
2026-04-16T21:51:07.919+05:30  INFO 16312 --- [employee-backend] [           main] c.e.e.i.EmployeeApiIntegrationTest       : Started EmployeeApiIntegrationTest in 3.456 seconds (process running for 8.675)
Hibernate: insert into employees (department,email,name) values (?,?,?)
Hibernate: select e1_0.id,e1_0.department,e1_0.email,e1_0.name from employees e1_0 where e1_0.id=?
]]></system-out>
  </testcase>
</testsuite>